<?xml version="1.0" encoding="UTF-8"?>
<!-- Generated by org.testng.reporters.JUnitReportReporter -->
<testsuite hostname="SUCCESS" name="session7.AttributesInvocation" tests="1" failures="0" timestamp="27 Apr 2018 01:53:44 GMT" time="5.060" errors="1">
  <testcase name="invocationCountTimeout" time="5.060" classname="session7.AttributesInvocation">
    <error type="org.testng.internal.thread.ThreadTimeoutException" message="Method org.testng.internal.TestNGMethod.invocationCountTimeout() didn&#039;t finish within the time-out 5000">
      <![CDATA[org.testng.internal.thread.ThreadTimeoutException: Method org.testng.internal.TestNGMethod.invocationCountTimeout() didn't finish within the time-out 5000
	at com.google.common.collect.ImmutableCollection$ArrayBasedBuilder.<init>(ImmutableCollection.java:431)
	at com.google.common.collect.ImmutableList$Builder.<init>(ImmutableList.java:638)
	at com.google.common.collect.ImmutableList$Builder.<init>(ImmutableList.java:633)
	at com.google.common.collect.ImmutableList.copyOf(ImmutableList.java:256)
	at com.google.common.collect.ImmutableList.copyOf(ImmutableList.java:209)
	at org.openqa.selenium.remote.http.AbstractHttpCommandCodec$CommandSpec.<init>(AbstractHttpCommandCodec.java:426)
	at org.openqa.selenium.remote.http.AbstractHttpCommandCodec$CommandSpec.<init>(AbstractHttpCommandCodec.java:418)
	at org.openqa.selenium.remote.http.AbstractHttpCommandCodec.get(AbstractHttpCommandCodec.java:373)
	at org.openqa.selenium.remote.http.AbstractHttpCommandCodec.<init>(AbstractHttpCommandCodec.java:176)
	at org.openqa.selenium.remote.http.JsonHttpCommandCodec.<init>(JsonHttpCommandCodec.java:54)
	at org.openqa.selenium.remote.Dialect$1.getCommandCodec(Dialect.java:31)
	at org.openqa.selenium.remote.HttpCommandExecutor.execute(HttpCommandExecutor.java:143)
	at org.openqa.selenium.remote.service.DriverCommandExecutor.execute(DriverCommandExecutor.java:82)
	at org.openqa.selenium.remote.RemoteWebDriver.execute(RemoteWebDriver.java:601)
	at org.openqa.selenium.remote.RemoteWebDriver.startSession(RemoteWebDriver.java:241)
	at org.openqa.selenium.remote.RemoteWebDriver.<init>(RemoteWebDriver.java:128)
	at org.openqa.selenium.remote.RemoteWebDriver.<init>(RemoteWebDriver.java:141)
	at org.openqa.selenium.chrome.ChromeDriver.<init>(ChromeDriver.java:174)
	at org.openqa.selenium.chrome.ChromeDriver.<init>(ChromeDriver.java:163)
	at org.openqa.selenium.chrome.ChromeDriver.<init>(ChromeDriver.java:120)
	at session7.AttributesInvocation.invocationCountTimeout(AttributesInvocation.java:32)
	at sun.reflect.NativeMethodAccessorImpl.invoke0(Native Method)
	at sun.reflect.NativeMethodAccessorImpl.invoke(NativeMethodAccessorImpl.java:62)
	at sun.reflect.DelegatingMethodAccessorImpl.invoke(DelegatingMethodAccessorImpl.java:43)
	at java.lang.reflect.Method.invoke(Method.java:483)
	at org.testng.internal.MethodInvocationHelper.invokeMethod(MethodInvocationHelper.java:85)
	at org.testng.internal.InvokeMethodRunnable.runOne(InvokeMethodRunnable.java:54)
	at org.testng.internal.InvokeMethodRunnable.run(InvokeMethodRunnable.java:40)
	at java.util.concurrent.Executors$RunnableAdapter.call(Executors.java:511)
	at java.util.concurrent.FutureTask.run(FutureTask.java:266)
	at java.util.concurrent.ThreadPoolExecutor.runWorker(ThreadPoolExecutor.java:1142)
	at java.util.concurrent.ThreadPoolExecutor$Worker.run(ThreadPoolExecutor.java:617)
	at java.lang.Thread.run(Thread.java:744)
]]>
    </error>
  </testcase> <!-- invocationCountTimeout -->
</testsuite> <!-- session7.AttributesInvocation -->
